\BOOKMARK [1][-]{section.1}{\376\377\000U\000M\000L\000\040\000p\000o\000u\000r\000\040\000m\000o\000d\000\351\000l\000i\000s\000e\000r\000\040\000l\000a\000\040\000s\000t\000r\000u\000c\000t\000u\000r\000e}{}% 1
\BOOKMARK [2][-]{subsection.1.1}{\376\377\000D\000\351\000c\000o\000u\000v\000r\000i\000r\000\040\000d\000e\000s\000\040\000o\000b\000j\000e\000t\000s}{section.1}% 2
\BOOKMARK [2][-]{subsection.1.2}{\376\377\000T\000y\000p\000e\000s\000\040\000d\000e\000\040\000d\000i\000a\000g\000r\000a\000m\000m\000e\000s}{section.1}% 3
\BOOKMARK [2][-]{subsection.1.3}{\376\377\000R\000e\000p\000r\000\351\000s\000e\000n\000t\000a\000t\000i\000o\000n\000\040\000d\000'\000u\000n\000e\000\040\000c\000l\000a\000s\000s\000e}{section.1}% 4
\BOOKMARK [2][-]{subsection.1.4}{\376\377\000E\000n\000c\000a\000p\000s\000u\000l\000a\000t\000i\000o\000n}{section.1}% 5
\BOOKMARK [2][-]{subsection.1.5}{\376\377\000T\000y\000p\000e\000s}{section.1}% 6
\BOOKMARK [2][-]{subsection.1.6}{\376\377\000V\000a\000l\000e\000u\000r\000\040\000p\000a\000r\000\040\000d\000\351\000f\000a\000u\000t}{section.1}% 7
\BOOKMARK [2][-]{subsection.1.7}{\376\377\000C\000a\000r\000d\000i\000n\000a\000l\000i\000t\000\351}{section.1}% 8
\BOOKMARK [2][-]{subsection.1.8}{\376\377\000M\000o\000d\000i\000f\000i\000c\000a\000t\000e\000u\000r\000s}{section.1}% 9
\BOOKMARK [2][-]{subsection.1.9}{\376\377\000A\000t\000t\000r\000i\000b\000u\000t\000s\000\040\000d\000\351\000r\000i\000v\000\351\000s}{section.1}% 10
\BOOKMARK [2][-]{subsection.1.10}{\376\377\000T\000y\000p\000e\000s\000\040\0002}{section.1}% 11
\BOOKMARK [2][-]{subsection.1.11}{\376\377\000A\000t\000t\000r\000i\000b\000u\000t\000s\000\040\000d\000\351\000r\000i\000v\000\351\000s}{section.1}% 12
\BOOKMARK [2][-]{subsection.1.12}{\376\377\000M\000\351\000t\000h\000o\000d\000e\000s\000\040\000d\000e\000\040\000c\000l\000a\000s\000s\000e}{section.1}% 13
\BOOKMARK [2][-]{subsection.1.13}{\376\377\000R\000e\000p\000r\000\351\000s\000e\000n\000t\000e\000r\000\040\000u\000n\000e\000\040\000c\000l\000a\000s\000s\000e\000\040\000-\000\040\000r\000\351\000c\000a\000p\000i\000t\000u\000l\000a\000t\000i\000o\000n}{section.1}% 14
\BOOKMARK [2][-]{subsection.1.14}{\376\377\000A\000s\000s\000o\000c\000i\000a\000t\000i\000o\000n\000\040\000e\000n\000t\000r\000e\000\040\000l\000e\000s\000\040\000c\000l\000a\000s\000s\000e\000s}{section.1}% 15
\BOOKMARK [2][-]{subsection.1.15}{\376\377\000C\000a\000r\000d\000i\000n\000a\000l\000i\000t\000\351}{section.1}% 16
\BOOKMARK [2][-]{subsection.1.16}{\376\377\000C\000o\000m\000p\000o\000s\000i\000t\000i\000o\000n}{section.1}% 17
\BOOKMARK [2][-]{subsection.1.17}{\376\377\000C\000o\000m\000p\000o\000s\000i\000t\000i\000o\000n\000\040\000f\000o\000r\000t\000e\000\040\000\050\000a\000.\000k\000.\000a\000.\000\040\000c\000o\000m\000p\000o\000s\000i\000t\000i\000o\000n\000\051}{section.1}% 18
\BOOKMARK [2][-]{subsection.1.18}{\376\377\000C\000o\000m\000p\000o\000s\000i\000t\000i\000o\000n\000\040\000f\000a\000i\000b\000l\000e\000\040\000\050\000a\000l\000i\000a\000s\000\040\000a\000g\000r\000\351\000g\000a\000t\000i\000o\000n\000\051}{section.1}% 19
\BOOKMARK [2][-]{subsection.1.19}{\376\377\000D\000i\000r\000e\000c\000t\000i\000o\000n\000a\000l\000i\000t\000\351}{section.1}% 20
\BOOKMARK [2][-]{subsection.1.20}{\376\377\000A\000s\000s\000o\000c\000i\000a\000t\000i\000o\000n\000\040\000r\000\351\000f\000l\000e\000x\000i\000v\000e}{section.1}% 21
\BOOKMARK [2][-]{subsection.1.21}{\376\377\000C\000l\000a\000s\000s\000e\000s\000\040\000d\000'\000a\000s\000s\000o\000c\000i\000a\000t\000i\000o\000n}{section.1}% 22
\BOOKMARK [2][-]{subsection.1.22}{\376\377\000A\000s\000s\000o\000c\000i\000a\000t\000i\000o\000n\000\040\000d\000e\000\040\000d\000\351\000p\000e\000n\000d\000a\000n\000c\000e}{section.1}% 23
\BOOKMARK [2][-]{subsection.1.23}{\376\377\000A\000s\000s\000o\000c\000i\000a\000t\000i\000o\000n\000s\000\040\000-\000\040\000r\000\351\000c\000a\000p\000i\000t\000u\000l\000a\000t\000i\000o\000n}{section.1}% 24
\BOOKMARK [2][-]{subsection.1.24}{\376\377\000G\000\351\000n\000\351\000r\000a\000l\000i\000s\000a\000t\000i\000o\000n\000/\000s\000p\000\351\000c\000i\000a\000l\000i\000s\000a\000t\000i\000o\000n\000\040\000:\000\040\000r\000a\000p\000p\000e\000l}{section.1}% 25
